2020/09/11 09:41:31 [INFO] Packer version: 1.6.1 [go1.13.14 linux amd64]
2020/09/11 09:41:31 [DEBUG] Discovered plugin: windows-update = /home/ubuntu/.local/bin/packer-provisioner-windows-update
2020/09/11 09:41:31 using external provisioners [windows-update]
2020/09/11 09:41:31 Checking 'PACKER_CONFIG' for a config file path
2020/09/11 09:41:31 'PACKER_CONFIG' not set; checking the default config file path
2020/09/11 09:41:31 Attempting to open config file: /home/ubuntu/.packerconfig
2020/09/11 09:41:31 [WARN] Config file doesn't exist: /home/ubuntu/.packerconfig
2020/09/11 09:41:31 Setting cache directory: /home/ubuntu/vsphere-build-ansible/packer_cache
2020/09/11 09:41:31 Creating plugin client for path: /home/ubuntu/.local/bin/packer
2020/09/11 09:41:31 Starting plugin: /home/ubuntu/.local/bin/packer []string{"/home/ubuntu/.local/bin/packer", "plugin", "packer-builder-vsphere-iso"}
2020/09/11 09:41:31 Waiting for RPC address for: /home/ubuntu/.local/bin/packer
2020/09/11 09:41:31 packer-builder-vsphere-iso plugin: [INFO] Packer version: 1.6.1 [go1.13.14 linux amd64]
2020/09/11 09:41:31 packer-builder-vsphere-iso plugin: Checking 'PACKER_CONFIG' for a config file path
2020/09/11 09:41:31 packer-builder-vsphere-iso plugin: 'PACKER_CONFIG' not set; checking the default config file path
2020/09/11 09:41:31 packer-builder-vsphere-iso plugin: Attempting to open config file: /home/ubuntu/.packerconfig
2020/09/11 09:41:31 packer-builder-vsphere-iso plugin: [WARN] Config file doesn't exist: /home/ubuntu/.packerconfig
2020/09/11 09:41:31 packer-builder-vsphere-iso plugin: Setting cache directory: /home/ubuntu/vsphere-build-ansible/packer_cache
2020/09/11 09:41:31 packer-builder-vsphere-iso plugin: args: []string{"packer-builder-vsphere-iso"}
2020/09/11 09:41:31 packer-builder-vsphere-iso plugin: Plugin address: unix /tmp/packer-plugin986021143
2020/09/11 09:41:31 Received unix RPC address for /home/ubuntu/.local/bin/packer: addr is /tmp/packer-plugin986021143
2020/09/11 09:41:31 packer-builder-vsphere-iso plugin: Waiting for connection...
2020/09/11 09:41:31 packer-builder-vsphere-iso plugin: Serving a plugin connection...
2020/09/11 09:41:31 Creating plugin client for path: /home/ubuntu/.local/bin/packer
2020/09/11 09:41:31 Starting plugin: /home/ubuntu/.local/bin/packer []string{"/home/ubuntu/.local/bin/packer", "plugin", "packer-provisioner-file"}
2020/09/11 09:41:31 Waiting for RPC address for: /home/ubuntu/.local/bin/packer
2020/09/11 09:41:31 packer-provisioner-file plugin: [INFO] Packer version: 1.6.1 [go1.13.14 linux amd64]
2020/09/11 09:41:31 packer-provisioner-file plugin: Checking 'PACKER_CONFIG' for a config file path
2020/09/11 09:41:31 packer-provisioner-file plugin: 'PACKER_CONFIG' not set; checking the default config file path
2020/09/11 09:41:31 packer-provisioner-file plugin: Attempting to open config file: /home/ubuntu/.packerconfig
2020/09/11 09:41:31 packer-provisioner-file plugin: [WARN] Config file doesn't exist: /home/ubuntu/.packerconfig
2020/09/11 09:41:31 packer-provisioner-file plugin: Setting cache directory: /home/ubuntu/vsphere-build-ansible/packer_cache
2020/09/11 09:41:31 packer-provisioner-file plugin: args: []string{"packer-provisioner-file"}
2020/09/11 09:41:31 Received unix RPC address for /home/ubuntu/.local/bin/packer: addr is /tmp/packer-plugin598192922
2020/09/11 09:41:31 packer-provisioner-file plugin: Plugin address: unix /tmp/packer-plugin598192922
2020/09/11 09:41:31 packer-provisioner-file plugin: Waiting for connection...
2020/09/11 09:41:31 Creating plugin client for path: /home/ubuntu/.local/bin/packer
2020/09/11 09:41:31 Starting plugin: /home/ubuntu/.local/bin/packer []string{"/home/ubuntu/.local/bin/packer", "plugin", "packer-provisioner-file"}
2020/09/11 09:41:31 packer-provisioner-file plugin: Serving a plugin connection...
2020/09/11 09:41:31 Waiting for RPC address for: /home/ubuntu/.local/bin/packer
2020/09/11 09:41:31 packer-provisioner-file plugin: [INFO] Packer version: 1.6.1 [go1.13.14 linux amd64]
2020/09/11 09:41:31 packer-provisioner-file plugin: Checking 'PACKER_CONFIG' for a config file path
2020/09/11 09:41:31 packer-provisioner-file plugin: 'PACKER_CONFIG' not set; checking the default config file path
2020/09/11 09:41:31 packer-provisioner-file plugin: Attempting to open config file: /home/ubuntu/.packerconfig
2020/09/11 09:41:31 packer-provisioner-file plugin: [WARN] Config file doesn't exist: /home/ubuntu/.packerconfig
2020/09/11 09:41:31 packer-provisioner-file plugin: Setting cache directory: /home/ubuntu/vsphere-build-ansible/packer_cache
2020/09/11 09:41:31 packer-provisioner-file plugin: args: []string{"packer-provisioner-file"}
2020/09/11 09:41:31 packer-provisioner-file plugin: Plugin address: unix /tmp/packer-plugin897823405
2020/09/11 09:41:31 packer-provisioner-file plugin: Waiting for connection...
2020/09/11 09:41:31 Received unix RPC address for /home/ubuntu/.local/bin/packer: addr is /tmp/packer-plugin897823405
2020/09/11 09:41:31 packer-provisioner-file plugin: Serving a plugin connection...
2020/09/11 09:41:31 Creating plugin client for path: /home/ubuntu/.local/bin/packer
2020/09/11 09:41:31 Starting plugin: /home/ubuntu/.local/bin/packer []string{"/home/ubuntu/.local/bin/packer", "plugin", "packer-provisioner-ansible"}
2020/09/11 09:41:31 Waiting for RPC address for: /home/ubuntu/.local/bin/packer
2020/09/11 09:41:31 packer-provisioner-ansible plugin: [INFO] Packer version: 1.6.1 [go1.13.14 linux amd64]
2020/09/11 09:41:31 packer-provisioner-ansible plugin: Checking 'PACKER_CONFIG' for a config file path
2020/09/11 09:41:31 packer-provisioner-ansible plugin: 'PACKER_CONFIG' not set; checking the default config file path
2020/09/11 09:41:31 packer-provisioner-ansible plugin: Attempting to open config file: /home/ubuntu/.packerconfig
2020/09/11 09:41:31 packer-provisioner-ansible plugin: [WARN] Config file doesn't exist: /home/ubuntu/.packerconfig
2020/09/11 09:41:31 packer-provisioner-ansible plugin: Setting cache directory: /home/ubuntu/vsphere-build-ansible/packer_cache
2020/09/11 09:41:31 packer-provisioner-ansible plugin: args: []string{"packer-provisioner-ansible"}
2020/09/11 09:41:31 Received unix RPC address for /home/ubuntu/.local/bin/packer: addr is /tmp/packer-plugin121220757
2020/09/11 09:41:31 packer-provisioner-ansible plugin: Plugin address: unix /tmp/packer-plugin121220757
2020/09/11 09:41:31 packer-provisioner-ansible plugin: Waiting for connection...
2020/09/11 09:41:31 packer-provisioner-ansible plugin: Serving a plugin connection...
2020/09/11 09:41:31 Preparing build: vsphere-iso
2020/09/11 09:41:32 ui: Debug mode enabled. Builds will not be parallelized.
2020/09/11 09:41:32 ui: [1;32mvsphere-iso: output will be in this color.[0m
2020/09/11 09:41:32 ui: 
2020/09/11 09:41:32 Build debug mode: true
2020/09/11 09:41:32 Force build: false
2020/09/11 09:41:32 On error: 
2020/09/11 09:41:32 Debug enabled, so waiting for build to finish: vsphere-iso
2020/09/11 09:41:32 Starting build run: vsphere-iso
2020/09/11 09:41:32 Running builder: vsphere-iso
2020/09/11 09:41:32 [INFO] (telemetry) Starting builder vsphere-iso
2020/09/11 09:41:32 packer-provisioner-ansible plugin: ansible-playbook version: 2.9.13
2020/09/11 09:41:32 ui: ask: [1;32m==> vsphere-iso: Pausing after run of step 'StepConnect'. Press enter to continue.[0m
2020/09/11 09:41:34 ui: [1;32m==> vsphere-iso: Creating VM...[0m
2020/09/11 09:41:34 ui: ask: [1;32m==> vsphere-iso: Pausing before cleanup of step 'StepConnect'. Press enter to continue.[0m
2020/09/11 09:41:35 [INFO] (telemetry) ending vsphere-iso
2020/09/11 09:41:35 ui error: [1;31mBuild 'vsphere-iso' errored: error creating vm: A component of the virtual machine is not accessible on the host.[0m
2020/09/11 09:41:35 Waiting on builds to complete...
2020/09/11 09:41:35 machine readable: error-count []string{"1"}
2020/09/11 09:41:35 ui error: 
==> Some builds didn't complete successfully and had errors:
2020/09/11 09:41:35 machine readable: vsphere-iso,error []string{"error creating vm: A component of the virtual machine is not accessible on the host."}
2020/09/11 09:41:35 ui error: --> vsphere-iso: error creating vm: A component of the virtual machine is not accessible on the host.
2020/09/11 09:41:35 ui: 
==> Builds finished but no artifacts were created.
2020/09/11 09:41:35 [INFO] (telemetry) Finalizing.
2020/09/11 09:41:36 waiting for all plugin processes to complete...
2020/09/11 09:41:36 /home/ubuntu/.local/bin/packer: plugin process exited
2020/09/11 09:41:36 /home/ubuntu/.local/bin/packer: plugin process exited
2020/09/11 09:41:36 /home/ubuntu/.local/bin/packer: plugin process exited
2020/09/11 09:41:36 /home/ubuntu/.local/bin/packer: plugin process exited
