2020/08/19 21:27:18 [INFO] Packer version: 1.6.1 [go1.13.14 linux amd64]
2020/08/19 21:27:18 [DEBUG] Discovered plugin: windows-update = /home/ubuntu/.local/bin/packer-provisioner-windows-update
2020/08/19 21:27:18 using external provisioners [windows-update]
2020/08/19 21:27:18 Checking 'PACKER_CONFIG' for a config file path
2020/08/19 21:27:18 'PACKER_CONFIG' not set; checking the default config file path
2020/08/19 21:27:18 Attempting to open config file: /home/ubuntu/.packerconfig
2020/08/19 21:27:18 [WARN] Config file doesn't exist: /home/ubuntu/.packerconfig
2020/08/19 21:27:18 Setting cache directory: /home/ubuntu/vsphere-build-ansible/build-w2016/packer_cache
2020/08/19 21:27:18 Creating plugin client for path: /home/ubuntu/.local/bin/packer
2020/08/19 21:27:18 Starting plugin: /home/ubuntu/.local/bin/packer []string{"/home/ubuntu/.local/bin/packer", "plugin", "packer-builder-vsphere-iso"}
2020/08/19 21:27:18 Waiting for RPC address for: /home/ubuntu/.local/bin/packer
2020/08/19 21:27:18 packer-builder-vsphere-iso plugin: [INFO] Packer version: 1.6.1 [go1.13.14 linux amd64]
2020/08/19 21:27:18 packer-builder-vsphere-iso plugin: Checking 'PACKER_CONFIG' for a config file path
2020/08/19 21:27:18 packer-builder-vsphere-iso plugin: 'PACKER_CONFIG' not set; checking the default config file path
2020/08/19 21:27:18 packer-builder-vsphere-iso plugin: Attempting to open config file: /home/ubuntu/.packerconfig
2020/08/19 21:27:18 packer-builder-vsphere-iso plugin: [WARN] Config file doesn't exist: /home/ubuntu/.packerconfig
2020/08/19 21:27:18 packer-builder-vsphere-iso plugin: Setting cache directory: /home/ubuntu/vsphere-build-ansible/build-w2016/packer_cache
2020/08/19 21:27:18 packer-builder-vsphere-iso plugin: args: []string{"packer-builder-vsphere-iso"}
2020/08/19 21:27:18 Received unix RPC address for /home/ubuntu/.local/bin/packer: addr is /tmp/packer-plugin306487890
2020/08/19 21:27:18 packer-builder-vsphere-iso plugin: Plugin address: unix /tmp/packer-plugin306487890
2020/08/19 21:27:18 packer-builder-vsphere-iso plugin: Waiting for connection...
2020/08/19 21:27:18 packer-builder-vsphere-iso plugin: Serving a plugin connection...
2020/08/19 21:27:18 Creating plugin client for path: /home/ubuntu/.local/bin/packer
2020/08/19 21:27:18 Starting plugin: /home/ubuntu/.local/bin/packer []string{"/home/ubuntu/.local/bin/packer", "plugin", "packer-provisioner-powershell"}
2020/08/19 21:27:18 Waiting for RPC address for: /home/ubuntu/.local/bin/packer
2020/08/19 21:27:18 packer-provisioner-powershell plugin: [INFO] Packer version: 1.6.1 [go1.13.14 linux amd64]
2020/08/19 21:27:18 packer-provisioner-powershell plugin: Checking 'PACKER_CONFIG' for a config file path
2020/08/19 21:27:18 packer-provisioner-powershell plugin: 'PACKER_CONFIG' not set; checking the default config file path
2020/08/19 21:27:18 packer-provisioner-powershell plugin: Attempting to open config file: /home/ubuntu/.packerconfig
2020/08/19 21:27:18 packer-provisioner-powershell plugin: [WARN] Config file doesn't exist: /home/ubuntu/.packerconfig
2020/08/19 21:27:18 packer-provisioner-powershell plugin: Setting cache directory: /home/ubuntu/vsphere-build-ansible/build-w2016/packer_cache
2020/08/19 21:27:18 packer-provisioner-powershell plugin: args: []string{"packer-provisioner-powershell"}
2020/08/19 21:27:18 packer-provisioner-powershell plugin: Plugin address: unix /tmp/packer-plugin086689847
2020/08/19 21:27:18 Received unix RPC address for /home/ubuntu/.local/bin/packer: addr is /tmp/packer-plugin086689847
2020/08/19 21:27:18 packer-provisioner-powershell plugin: Waiting for connection...
2020/08/19 21:27:19 packer-provisioner-powershell plugin: Serving a plugin connection...
2020/08/19 21:27:19 Creating plugin client for path: /home/ubuntu/.local/bin/packer
2020/08/19 21:27:19 Starting plugin: /home/ubuntu/.local/bin/packer []string{"/home/ubuntu/.local/bin/packer", "plugin", "packer-provisioner-ansible"}
2020/08/19 21:27:19 Waiting for RPC address for: /home/ubuntu/.local/bin/packer
2020/08/19 21:27:19 packer-provisioner-ansible plugin: [INFO] Packer version: 1.6.1 [go1.13.14 linux amd64]
2020/08/19 21:27:19 packer-provisioner-ansible plugin: Checking 'PACKER_CONFIG' for a config file path
2020/08/19 21:27:19 packer-provisioner-ansible plugin: 'PACKER_CONFIG' not set; checking the default config file path
2020/08/19 21:27:19 packer-provisioner-ansible plugin: Attempting to open config file: /home/ubuntu/.packerconfig
2020/08/19 21:27:19 packer-provisioner-ansible plugin: [WARN] Config file doesn't exist: /home/ubuntu/.packerconfig
2020/08/19 21:27:19 packer-provisioner-ansible plugin: Setting cache directory: /home/ubuntu/vsphere-build-ansible/build-w2016/packer_cache
2020/08/19 21:27:19 Received unix RPC address for /home/ubuntu/.local/bin/packer: addr is /tmp/packer-plugin151041103
2020/08/19 21:27:19 packer-provisioner-ansible plugin: args: []string{"packer-provisioner-ansible"}
2020/08/19 21:27:19 packer-provisioner-ansible plugin: Plugin address: unix /tmp/packer-plugin151041103
2020/08/19 21:27:19 packer-provisioner-ansible plugin: Waiting for connection...
2020/08/19 21:27:19 packer-provisioner-ansible plugin: Serving a plugin connection...
2020/08/19 21:27:19 Preparing build: vsphere-iso
2020/08/19 21:27:19 ui: [1;32mvsphere-iso: output will be in this color.[0m
2020/08/19 21:27:19 ui: 
2020/08/19 21:27:19 Build debug mode: false
2020/08/19 21:27:19 Force build: false
2020/08/19 21:27:19 On error: 
2020/08/19 21:27:19 Waiting on builds to complete...
2020/08/19 21:27:19 Starting build run: vsphere-iso
2020/08/19 21:27:19 Running builder: vsphere-iso
2020/08/19 21:27:19 [INFO] (telemetry) Starting builder vsphere-iso
2020/08/19 21:27:19 packer-provisioner-ansible plugin: ansible-playbook version: 2.9.11
2020/08/19 21:27:20 ui: [1;32m==> vsphere-iso: Creating VM...[0m
2020/08/19 21:27:20 ui: [1;32m==> vsphere-iso: Customizing hardware...[0m
2020/08/19 21:27:21 ui: [1;32m==> vsphere-iso: Mounting ISO images...[0m
2020/08/19 21:27:21 packer-builder-vsphere-iso plugin: Creating CD-ROM on controller '&{{{} 200 0xc0007c54e0 <nil> <nil> <nil> 0 <nil>} 0 []}' with iso '[iso-ds] win/2016.iso'
2020/08/19 21:27:21 packer-builder-vsphere-iso plugin: Creating CD-ROM on controller '&{{{} 200 0xc000b2e7c0 <nil> <nil> <nil> 0 <nil>} 0 [3000]}' with iso '[] /vmimages/tools-isoimages/windows.iso'
2020/08/19 21:27:21 ui: [1;32m==> vsphere-iso: Creating floppy disk...[0m
2020/08/19 21:27:21 packer-builder-vsphere-iso plugin: Floppy path: /tmp/packer388088201
2020/08/19 21:27:21 packer-builder-vsphere-iso plugin: Initializing block device backed by temporary file
2020/08/19 21:27:21 packer-builder-vsphere-iso plugin: Formatting the block device with a FAT filesystem...
2020/08/19 21:27:21 packer-builder-vsphere-iso plugin: Initializing FAT filesystem on block device
2020/08/19 21:27:21 packer-builder-vsphere-iso plugin: Reading the root directory from the filesystem
2020/08/19 21:27:21 ui: [0;32m    vsphere-iso: Copying files flatly from floppy_files[0m
2020/08/19 21:27:21 ui: [0;32m    vsphere-iso: Copying file: autounattend.xml[0m
2020/08/19 21:27:21 ui: [0;32m    vsphere-iso: Copying file: ./scripts/disable-network-discovery.cmd[0m
2020/08/19 21:27:21 ui: [0;32m    vsphere-iso: Copying file: ./scripts/disable-winrm.ps1[0m
2020/08/19 21:27:21 ui: [0;32m    vsphere-iso: Copying file: ./scripts/enable-rdp.cmd[0m
2020/08/19 21:27:21 ui: [0;32m    vsphere-iso: Copying file: ./scripts/enable-winrm.ps1[0m
2020/08/19 21:27:21 ui: [0;32m    vsphere-iso: Copying file: ./scripts/install-vm-tools.cmd[0m
2020/08/19 21:27:21 ui: [0;32m    vsphere-iso: Copying file: ./scripts/set-temp.ps1[0m
2020/08/19 21:27:21 ui: [0;32m    vsphere-iso: Done copying files from floppy_files[0m
2020/08/19 21:27:21 ui: [0;32m    vsphere-iso: Collecting paths from floppy_dirs[0m
2020/08/19 21:27:21 ui: [0;32m    vsphere-iso: Resulting paths from floppy_dirs : [][0m
2020/08/19 21:27:21 ui: [0;32m    vsphere-iso: Done copying paths from floppy_dirs[0m
2020/08/19 21:27:21 ui: [1;32m==> vsphere-iso: Uploading created floppy image[0m
2020/08/19 21:27:21 ui: [1;32m==> vsphere-iso: Adding generated Floppy...[0m
2020/08/19 21:27:23 ui: [1;32m==> vsphere-iso: Set boot order temporary...[0m
2020/08/19 21:27:23 ui: [1;32m==> vsphere-iso: Power on VM...[0m
2020/08/19 21:27:24 packer-builder-vsphere-iso plugin: [INFO] Waiting for IP, up to total timeout: 30m0s, settle timeout: 5s
2020/08/19 21:27:24 ui: [1;32m==> vsphere-iso: Waiting for IP...[0m
2020/08/19 21:48:52 packer-builder-vsphere-iso plugin: VM IP aquired: 192.168.101.243
2020/08/19 21:48:52 packer-builder-vsphere-iso plugin: VM IP is still the same: 192.168.101.243
2020/08/19 21:48:53 packer-builder-vsphere-iso plugin: VM IP is still the same: 192.168.101.243
2020/08/19 21:48:54 packer-builder-vsphere-iso plugin: VM IP is still the same: 192.168.101.243
2020/08/19 21:48:55 packer-builder-vsphere-iso plugin: VM IP is still the same: 192.168.101.243
2020/08/19 21:48:57 packer-builder-vsphere-iso plugin: VM IP is still the same: 192.168.101.243
2020/08/19 21:48:58 packer-builder-vsphere-iso plugin: VM IP is still the same: 192.168.101.243
2020/08/19 21:48:58 packer-builder-vsphere-iso plugin: VM IP seems stable enough: 192.168.101.243
2020/08/19 21:48:58 ui: [1;32m==> vsphere-iso: IP address: 192.168.101.243[0m
2020/08/19 21:48:58 ui: [1;32m==> vsphere-iso: Using winrm communicator to connect: 192.168.101.243[0m
2020/08/19 21:48:58 packer-builder-vsphere-iso plugin: Waiting for WinRM, up to timeout: 45m0s
2020/08/19 21:48:58 ui: [1;32m==> vsphere-iso: Waiting for WinRM to become available...[0m
2020/08/19 21:48:58 packer-builder-vsphere-iso plugin: [INFO] Attempting WinRM connection...
2020/08/19 21:48:58 packer-builder-vsphere-iso plugin: [DEBUG] connecting to remote shell using WinRM
2020/08/19 21:49:28 packer-builder-vsphere-iso plugin: [ERROR] connection error: unknown error Post http://192.168.101.243:5985/wsman: dial tcp 192.168.101.243:5985: i/o timeout
2020/08/19 21:49:28 packer-builder-vsphere-iso plugin: [ERROR] WinRM connection err: unknown error Post http://192.168.101.243:5985/wsman: dial tcp 192.168.101.243:5985: i/o timeout
2020/08/19 21:49:33 packer-builder-vsphere-iso plugin: [INFO] Attempting WinRM connection...
2020/08/19 21:49:33 packer-builder-vsphere-iso plugin: [DEBUG] connecting to remote shell using WinRM
2020/08/19 21:50:03 packer-builder-vsphere-iso plugin: [ERROR] connection error: unknown error Post http://192.168.101.243:5985/wsman: dial tcp 192.168.101.243:5985: i/o timeout
2020/08/19 21:50:03 packer-builder-vsphere-iso plugin: [ERROR] WinRM connection err: unknown error Post http://192.168.101.243:5985/wsman: dial tcp 192.168.101.243:5985: i/o timeout
2020/08/19 21:50:08 packer-builder-vsphere-iso plugin: [INFO] Attempting WinRM connection...
2020/08/19 21:50:08 packer-builder-vsphere-iso plugin: [DEBUG] connecting to remote shell using WinRM
2020/08/19 21:50:38 packer-builder-vsphere-iso plugin: [ERROR] connection error: unknown error Post http://192.168.101.243:5985/wsman: dial tcp 192.168.101.243:5985: i/o timeout
2020/08/19 21:50:38 packer-builder-vsphere-iso plugin: [ERROR] WinRM connection err: unknown error Post http://192.168.101.243:5985/wsman: dial tcp 192.168.101.243:5985: i/o timeout
2020/08/19 21:50:43 packer-builder-vsphere-iso plugin: [INFO] Attempting WinRM connection...
2020/08/19 21:50:43 packer-builder-vsphere-iso plugin: [DEBUG] connecting to remote shell using WinRM
2020/08/19 21:51:13 packer-builder-vsphere-iso plugin: [ERROR] connection error: unknown error Post http://192.168.101.243:5985/wsman: dial tcp 192.168.101.243:5985: i/o timeout
2020/08/19 21:51:13 packer-builder-vsphere-iso plugin: [ERROR] WinRM connection err: unknown error Post http://192.168.101.243:5985/wsman: dial tcp 192.168.101.243:5985: i/o timeout
2020/08/19 21:51:18 packer-builder-vsphere-iso plugin: [INFO] Attempting WinRM connection...
2020/08/19 21:51:18 packer-builder-vsphere-iso plugin: [DEBUG] connecting to remote shell using WinRM
2020/08/19 21:51:48 packer-builder-vsphere-iso plugin: [ERROR] connection error: unknown error Post http://192.168.101.243:5985/wsman: dial tcp 192.168.101.243:5985: i/o timeout
2020/08/19 21:51:48 packer-builder-vsphere-iso plugin: [ERROR] WinRM connection err: unknown error Post http://192.168.101.243:5985/wsman: dial tcp 192.168.101.243:5985: i/o timeout
2020/08/19 21:51:53 packer-builder-vsphere-iso plugin: [INFO] Attempting WinRM connection...
2020/08/19 21:51:53 packer-builder-vsphere-iso plugin: [DEBUG] connecting to remote shell using WinRM
2020/08/19 21:52:23 packer-builder-vsphere-iso plugin: [ERROR] connection error: unknown error Post http://192.168.101.243:5985/wsman: dial tcp 192.168.101.243:5985: i/o timeout
2020/08/19 21:52:23 packer-builder-vsphere-iso plugin: [ERROR] WinRM connection err: unknown error Post http://192.168.101.243:5985/wsman: dial tcp 192.168.101.243:5985: i/o timeout
2020/08/19 21:52:28 packer-builder-vsphere-iso plugin: [INFO] Attempting WinRM connection...
2020/08/19 21:52:28 packer-builder-vsphere-iso plugin: [DEBUG] connecting to remote shell using WinRM
2020/08/19 21:52:51 packer-builder-vsphere-iso plugin: Checking that WinRM is connected with: 'powershell.exe -EncodedCommand aQBmACAAKABUAGUAcwB0AC0AUABhAHQAaAAgAHYAYQByAGkAYQBiAGwAZQA6AGcAbABvAGIAYQBsADoAUAByAG8AZwByAGUAcwBzAFAAcgBlAGYAZQByAGUAbgBjAGUAKQB7ACQAUAByAG8AZwByAGUAcwBzAFAAcgBlAGYAZQByAGUAbgBjAGUAPQAnAFMAaQBsAGUAbgB0AGwAeQBDAG8AbgB0AGkAbgB1AGUAJwB9ADsAIABlAGMAaABvACAAIgBXAGkAbgBSAE0AIABjAG8AbgBuAGUAYwB0AGUAZAAuACIA'
2020/08/19 21:52:51 packer-builder-vsphere-iso plugin: [INFO] starting remote command: powershell.exe -EncodedCommand aQBmACAAKABUAGUAcwB0AC0AUABhAHQAaAAgAHYAYQByAGkAYQBiAGwAZQA6AGcAbABvAGIAYQBsADoAUAByAG8AZwByAGUAcwBzAFAAcgBlAGYAZQByAGUAbgBjAGUAKQB7ACQAUAByAG8AZwByAGUAcwBzAFAAcgBlAGYAZQByAGUAbgBjAGUAPQAnAFMAaQBsAGUAbgB0AGwAeQBDAG8AbgB0AGkAbgB1AGUAJwB9ADsAIABlAGMAaABvACAAIgBXAGkAbgBSAE0AIABjAG8AbgBuAGUAYwB0AGUAZAAuACIA
2020/08/19 21:53:00 ui error: [1;31m==> vsphere-iso: #< CLIXML[0m
2020/08/19 21:53:00 packer-builder-vsphere-iso plugin: [INFO] command 'powershell.exe -EncodedCommand aQBmACAAKABUAGUAcwB0AC0AUABhAHQAaAAgAHYAYQByAGkAYQBiAGwAZQA6AGcAbABvAGIAYQBsADoAUAByAG8AZwByAGUAcwBzAFAAcgBlAGYAZQByAGUAbgBjAGUAKQB7ACQAUAByAG8AZwByAGUAcwBzAFAAcgBlAGYAZQByAGUAbgBjAGUAPQAnAFMAaQBsAGUAbgB0AGwAeQBDAG8AbgB0AGkAbgB1AGUAJwB9ADsAIABlAGMAaABvACAAIgBXAGkAbgBSAE0AIABjAG8AbgBuAGUAYwB0AGUAZAAuACIA' exited with code: 0
2020/08/19 21:53:00 ui: [0;32m    vsphere-iso: WinRM connected.[0m
2020/08/19 21:53:00 ui error: [1;31m==> vsphere-iso: <Objs Version="1.1.0.1" xmlns="http://schemas.microsoft.com/powershell/2004/04"><Obj S="progress" RefId="0"><TN RefId="0"><T>System.Management.Automation.PSCustomObject</T><T>System.Object</T></TN><MS><I64 N="SourceId">1</I64><PR N="Record"><AV>Preparing modules for first use.</AV><AI>0</AI><Nil /><PI>-1</PI><PC>-1</PC><T>Completed</T><SR>-1</SR><SD> </SD></PR></MS></Obj><Obj S="progress" RefId="1"><TNRef RefId="0" /><MS><I64 N="SourceId">1</I64><PR N="Record"><AV>Preparing modules for first use.</AV><AI>0</AI><Nil /><PI>-1</PI><PC>-1</PC><T>Completed</T><SR>-1</SR><SD> </SD></PR></MS></Obj></Objs>[0m
2020/08/19 21:53:00 packer-builder-vsphere-iso plugin: Connected to machine
2020/08/19 21:53:00 ui: [1;32m==> vsphere-iso: Connected to WinRM![0m
2020/08/19 21:53:00 packer-builder-vsphere-iso plugin: Running the provision hook
2020/08/19 21:53:00 [INFO] (telemetry) Starting provisioner powershell
2020/08/19 21:53:00 ui: [1;32m==> vsphere-iso: Provisioning with Powershell...[0m
2020/08/19 21:53:00 ui: [1;32m==> vsphere-iso: Provisioning with powershell script: ./scripts/ansibleremoting.ps1[0m
2020/08/19 21:53:00 packer-provisioner-powershell plugin: Opening ./scripts/ansibleremoting.ps1 for reading
2020/08/19 21:53:00 packer-provisioner-powershell plugin: Uploading env vars to c:/Windows/Temp/packer-ps-env-vars-5f3d7d17-2339-18bc-ca06-36150a23faa0.ps1
2020/08/19 21:53:00 packer-provisioner-powershell plugin: [INFO] 187 bytes written for 'uploadData'
2020/08/19 21:53:00 [INFO] 187 bytes written for 'uploadData'
2020/08/19 21:53:00 packer-builder-vsphere-iso plugin: Uploading file to 'c:/Windows/Temp/packer-ps-env-vars-5f3d7d17-2339-18bc-ca06-36150a23faa0.ps1'
2020/08/19 21:53:03 packer-builder-vsphere-iso plugin: #< CLIXML
2020/08/19 21:53:05 packer-builder-vsphere-iso plugin: <Objs Version="1.1.0.1" xmlns="http://schemas.microsoft.com/powershell/2004/04"><Obj S="progress" RefId="0"><TN RefId="0"><T>System.Management.Automation.PSCustomObject</T><T>System.Object</T></TN><MS><I64 N="SourceId">1</I64><PR N="Record"><AV>Preparing modules for first use.</AV><AI>0</AI><Nil /><PI>-1</PI><PC>-1</PC><T>Completed</T><SR>-1</SR><SD> </SD></PR></MS></Obj></Objs>#< CLIXML
2020/08/19 21:53:05 packer-provisioner-powershell plugin: [INFO] 15765 bytes written for 'uploadData'
2020/08/19 21:53:05 packer-builder-vsphere-iso plugin: <Objs Version="1.1.0.1" xmlns="http://schemas.microsoft.com/powershell/2004/04"><Obj S="progress" RefId="0"><TN RefId="0"><T>System.Management.Automation.PSCustomObject</T><T>System.Object</T></TN><MS><I64 N="SourceId">1</I64><PR N="Record"><AV>Preparing modules for first use.</AV><AI>0</AI><Nil /><PI>-1</PI><PC>-1</PC><T>Completed</T><SR>-1</SR><SD> </SD></PR></MS></Obj></Objs>Uploading file to 'c:/Windows/Temp/script-5f3d7d17-f39d-f59b-ba8d-39bfa4865d20.ps1'
2020/08/19 21:53:05 [INFO] 15765 bytes written for 'uploadData'
2020/08/19 21:53:08 packer-builder-vsphere-iso plugin: #< CLIXML
2020/08/19 21:53:11 packer-builder-vsphere-iso plugin: <Objs Version="1.1.0.1" xmlns="http://schemas.microsoft.com/powershell/2004/04"><Obj S="progress" RefId="0"><TN RefId="0"><T>System.Management.Automation.PSCustomObject</T><T>System.Object</T></TN><MS><I64 N="SourceId">1</I64><PR N="Record"><AV>Preparing modules for first use.</AV><AI>0</AI><Nil /><PI>-1</PI><PC>-1</PC><T>Completed</T><SR>-1</SR><SD> </SD></PR></MS></Obj></Objs>#< CLIXML
2020/08/19 21:53:12 packer-builder-vsphere-iso plugin: <Objs Version="1.1.0.1" xmlns="http://schemas.microsoft.com/powershell/2004/04"><Obj S="progress" RefId="0"><TN RefId="0"><T>System.Management.Automation.PSCustomObject</T><T>System.Object</T></TN><MS><I64 N="SourceId">1</I64><PR N="Record"><AV>Preparing modules for first use.</AV><AI>0</AI><Nil /><PI>-1</PI><PC>-1</PC><T>Completed</T><SR>-1</SR><SD> </SD></PR></MS></Obj></Objs>[INFO] starting remote command: powershell -executionpolicy bypass "& { if (Test-Path variable:global:ProgressPreference){set-variable -name variable:global:ProgressPreference -value 'SilentlyContinue'};. c:/Windows/Temp/packer-ps-env-vars-5f3d7d17-2339-18bc-ca06-36150a23faa0.ps1; &'c:/Windows/Temp/script-5f3d7d17-f39d-f59b-ba8d-39bfa4865d20.ps1'; exit $LastExitCode }"
2020/08/19 21:54:07 ui: [0;32m    vsphere-iso: Self-signed SSL certificate generated; thumbprint: 5E2723E5BFC7B939710FFE03A93866D90C479C63[0m
2020/08/19 21:54:08 ui: [0;32m    vsphere-iso:[0m
2020/08/19 21:54:08 ui: [0;32m    vsphere-iso:[0m
2020/08/19 21:54:08 ui: [0;32m    vsphere-iso: wxf                 : http://schemas.xmlsoap.org/ws/2004/09/transfer[0m
2020/08/19 21:54:08 ui: [0;32m    vsphere-iso: a                   : http://schemas.xmlsoap.org/ws/2004/08/addressing[0m
2020/08/19 21:54:08 ui: [0;32m    vsphere-iso: w                   : http://schemas.dmtf.org/wbem/wsman/1/wsman.xsd[0m
2020/08/19 21:54:08 ui: [0;32m    vsphere-iso: lang                : en-US[0m
2020/08/19 21:54:08 ui: [0;32m    vsphere-iso: Address             : http://schemas.xmlsoap.org/ws/2004/08/addressing/role/anonymous[0m
2020/08/19 21:54:08 ui: [0;32m    vsphere-iso: ReferenceParameters : ReferenceParameters[0m
2020/08/19 21:54:08 ui: [0;32m    vsphere-iso:[0m
2020/08/19 21:54:15 ui: [0;32m    vsphere-iso: Ok.[0m
2020/08/19 21:54:15 ui: [0;32m    vsphere-iso:[0m
2020/08/19 21:54:28 [INFO] 477 bytes written for 'stdout'
2020/08/19 21:54:28 [INFO] 0 bytes written for 'stderr'
2020/08/19 21:54:28 packer-builder-vsphere-iso plugin: [INFO] command 'powershell -executionpolicy bypass "& { if (Test-Path variable:global:ProgressPreference){set-variable -name variable:global:ProgressPreference -value 'SilentlyContinue'};. c:/Windows/Temp/packer-ps-env-vars-5f3d7d17-2339-18bc-ca06-36150a23faa0.ps1; &'c:/Windows/Temp/script-5f3d7d17-f39d-f59b-ba8d-39bfa4865d20.ps1'; exit $LastExitCode }"' exited with code: 0
2020/08/19 21:54:28 packer-builder-vsphere-iso plugin: [INFO] RPC endpoint: Communicator ended with: 0
2020/08/19 21:54:28 [INFO] RPC client: Communicator ended with: 0
2020/08/19 21:54:28 [INFO] RPC endpoint: Communicator ended with: 0
2020/08/19 21:54:28 packer-provisioner-powershell plugin: [INFO] 0 bytes written for 'stderr'
2020/08/19 21:54:28 packer-provisioner-powershell plugin: [INFO] 477 bytes written for 'stdout'
2020/08/19 21:54:28 packer-provisioner-powershell plugin: [INFO] RPC client: Communicator ended with: 0
2020/08/19 21:54:28 packer-provisioner-powershell plugin: c:/Windows/Temp/script-5f3d7d17-f39d-f59b-ba8d-39bfa4865d20.ps1 returned with exit code 0
2020/08/19 21:54:28 packer-provisioner-powershell plugin: [INFO] 511 bytes written for 'uploadData'
2020/08/19 21:54:28 packer-builder-vsphere-iso plugin: Uploading file to 'c:/Windows/Temp/packer-cleanup-5f3d7d17-d1db-0a65-45f9-9dca0583ed7c.ps1'
2020/08/19 21:54:28 [INFO] 511 bytes written for 'uploadData'
2020/08/19 21:54:32 packer-builder-vsphere-iso plugin: #< CLIXML
2020/08/19 21:54:39 packer-builder-vsphere-iso plugin: <Objs Version="1.1.0.1" xmlns="http://schemas.microsoft.com/powershell/2004/04"><Obj S="progress" RefId="0"><TN RefId="0"><T>System.Management.Automation.PSCustomObject</T><T>System.Object</T></TN><MS><I64 N="SourceId">1</I64><PR N="Record"><AV>Preparing modules for first use.</AV><AI>0</AI><Nil /><PI>-1</PI><PC>-1</PC><T>Completed</T><SR>-1</SR><SD> </SD></PR></MS></Obj></Objs>#< CLIXML
2020/08/19 21:54:41 packer-builder-vsphere-iso plugin: <Objs Version="1.1.0.1" xmlns="http://schemas.microsoft.com/powershell/2004/04"><Obj S="progress" RefId="0"><TN RefId="0"><T>System.Management.Automation.PSCustomObject</T><T>System.Object</T></TN><MS><I64 N="SourceId">1</I64><PR N="Record"><AV>Preparing modules for first use.</AV><AI>0</AI><Nil /><PI>-1</PI><PC>-1</PC><T>Completed</T><SR>-1</SR><SD> </SD></PR></MS></Obj></Objs>[INFO] starting remote command: powershell -executionpolicy bypass "& { if (Test-Path variable:global:ProgressPreference){set-variable -name variable:global:ProgressPreference -value 'SilentlyContinue'};. c:/Windows/Temp/packer-ps-env-vars-5f3d7d17-2339-18bc-ca06-36150a23faa0.ps1; &'c:/Windows/Temp/packer-cleanup-5f3d7d17-d1db-0a65-45f9-9dca0583ed7c.ps1'; exit $LastExitCode }"
2020/08/19 21:54:44 packer-builder-vsphere-iso plugin: [INFO] command 'powershell -executionpolicy bypass "& { if (Test-Path variable:global:ProgressPreference){set-variable -name variable:global:ProgressPreference -value 'SilentlyContinue'};. c:/Windows/Temp/packer-ps-env-vars-5f3d7d17-2339-18bc-ca06-36150a23faa0.ps1; &'c:/Windows/Temp/packer-cleanup-5f3d7d17-d1db-0a65-45f9-9dca0583ed7c.ps1'; exit $LastExitCode }"' exited with code: 0
2020/08/19 21:54:44 [INFO] 0 bytes written for 'stdout'
2020/08/19 21:54:44 [INFO] 0 bytes written for 'stderr'
2020/08/19 21:54:44 [INFO] RPC client: Communicator ended with: 0
2020/08/19 21:54:44 [INFO] RPC endpoint: Communicator ended with: 0
2020/08/19 21:54:44 packer-builder-vsphere-iso plugin: [INFO] RPC endpoint: Communicator ended with: 0
2020/08/19 21:54:44 packer-provisioner-powershell plugin: [INFO] 0 bytes written for 'stdout'
2020/08/19 21:54:44 packer-provisioner-powershell plugin: [INFO] 0 bytes written for 'stderr'
2020/08/19 21:54:44 packer-provisioner-powershell plugin: [INFO] RPC client: Communicator ended with: 0
2020/08/19 21:54:44 [INFO] (telemetry) ending powershell
2020/08/19 21:54:44 [INFO] (telemetry) Starting provisioner ansible
2020/08/19 21:54:44 ui: [1;32m==> vsphere-iso: Provisioning with Ansible...[0m
2020/08/19 21:54:44 ui: [0;32m    vsphere-iso: Not using Proxy adapter for Ansible run:
    vsphere-iso: 	Using WinRM Password from Packer communicator...[0m
2020/08/19 21:54:44 packer-provisioner-ansible plugin: Creating inventory file for Ansible run...
2020/08/19 21:54:44 ui: [1;32m==> vsphere-iso: Executing Ansible: ansible-playbook -e packer_build_name="vsphere-iso" -e packer_builder_type=vsphere-iso -e packer_http_addr=192.168.101.110:0 --connection packer -vvvv -e ansible_winrm_server_cert_validation=ignore -e ansible_password=***** -i /tmp/packer-provisioner-ansible874270562 /home/ubuntu/vsphere-build-ansible/build-w2016/build.yml[0m
2020/08/19 21:54:45 ui: [0;32m    vsphere-iso: ansible-playbook 2.9.11[0m
2020/08/19 21:54:45 ui: [0;32m    vsphere-iso:   config file = None[0m
2020/08/19 21:54:45 ui: [0;32m    vsphere-iso:   configured module search path = ['/home/ubuntu/.ansible/plugins/modules', '/usr/share/ansible/plugins/modules'][0m
2020/08/19 21:54:45 ui: [0;32m    vsphere-iso:   ansible python module location = /home/ubuntu/.local/lib/python3.6/site-packages/ansible[0m
2020/08/19 21:54:45 ui: [0;32m    vsphere-iso:   executable location = /home/ubuntu/.local/bin/ansible-playbook[0m
2020/08/19 21:54:45 ui: [0;32m    vsphere-iso:   python version = 3.6.9 (default, Jul 17 2020, 12:50:27) [GCC 8.4.0][0m
2020/08/19 21:54:45 ui: [0;32m    vsphere-iso: No config file found; using defaults[0m
2020/08/19 21:54:45 ui: [0;32m    vsphere-iso: setting up inventory plugins[0m
2020/08/19 21:54:45 ui: [0;32m    vsphere-iso: host_list declined parsing /tmp/packer-provisioner-ansible874270562 as it did not pass its verify_file() method[0m
2020/08/19 21:54:45 ui: [0;32m    vsphere-iso: script declined parsing /tmp/packer-provisioner-ansible874270562 as it did not pass its verify_file() method[0m
2020/08/19 21:54:45 ui: [0;32m    vsphere-iso: auto declined parsing /tmp/packer-provisioner-ansible874270562 as it did not pass its verify_file() method[0m
2020/08/19 21:54:45 ui: [0;32m    vsphere-iso: Parsed /tmp/packer-provisioner-ansible874270562 inventory source with ini plugin[0m
2020/08/19 21:54:45 ui: [0;32m    vsphere-iso: Loading callback plugin default of type stdout, v2.0 from /home/ubuntu/.local/lib/python3.6/site-packages/ansible/plugins/callback/default.py[0m
2020/08/19 21:54:45 ui: [0;32m    vsphere-iso:  _____________________[0m
2020/08/19 21:54:45 ui: [0;32m    vsphere-iso: < PLAYBOOK: build.yml >[0m
2020/08/19 21:54:45 ui: [0;32m    vsphere-iso:  ---------------------[0m
2020/08/19 21:54:45 ui: [0;32m    vsphere-iso:         \   ^__^[0m
2020/08/19 21:54:45 ui: [0;32m    vsphere-iso:          \  (oo)\_______[0m
2020/08/19 21:54:45 ui: [0;32m    vsphere-iso:             (__)\       )\/\[0m
2020/08/19 21:54:45 ui: [0;32m    vsphere-iso:                 ||----w |[0m
2020/08/19 21:54:45 ui: [0;32m    vsphere-iso:                 ||     ||[0m
2020/08/19 21:54:45 ui: [0;32m    vsphere-iso:[0m
2020/08/19 21:54:45 ui: [0;32m    vsphere-iso: Positional arguments: /home/ubuntu/vsphere-build-ansible/build-w2016/build.yml[0m
2020/08/19 21:54:45 ui: [0;32m    vsphere-iso: verbosity: 4[0m
2020/08/19 21:54:45 ui: [0;32m    vsphere-iso: connection: packer[0m
2020/08/19 21:54:45 ui: [0;32m    vsphere-iso: timeout: 10[0m
2020/08/19 21:54:45 ui: [0;32m    vsphere-iso: become_method: sudo[0m
2020/08/19 21:54:45 ui: [0;32m    vsphere-iso: tags: ('all',)[0m
2020/08/19 21:54:45 ui: [0;32m    vsphere-iso: inventory: ('/tmp/packer-provisioner-ansible874270562',)[0m
2020/08/19 21:54:45 ui: [0;32m    vsphere-iso: extra_vars: ('packer_build_name="vsphere-iso"', 'packer_builder_type=vsphere-iso', 'packer_http_addr=192.168.101.110:0', 'ansible_winrm_server_cert_validation=ignore', 'ansible_password=<sensitive>')[0m
2020/08/19 21:54:45 ui: [0;32m    vsphere-iso: forks: 5[0m
2020/08/19 21:54:45 ui: [0;32m    vsphere-iso: 1 plays in /home/ubuntu/vsphere-build-ansible/build-w2016/build.yml[0m
2020/08/19 21:54:45 ui: [0;32m    vsphere-iso:  _____________________________________[0m
2020/08/19 21:54:45 ui: [0;32m    vsphere-iso: < PLAY [set up Windows 2016 template] >[0m
2020/08/19 21:54:45 ui: [0;32m    vsphere-iso:  -------------------------------------[0m
2020/08/19 21:54:45 ui: [0;32m    vsphere-iso:         \   ^__^[0m
2020/08/19 21:54:45 ui: [0;32m    vsphere-iso:          \  (oo)\_______[0m
2020/08/19 21:54:45 ui: [0;32m    vsphere-iso:             (__)\       )\/\[0m
2020/08/19 21:54:45 ui: [0;32m    vsphere-iso:                 ||----w |[0m
2020/08/19 21:54:45 ui: [0;32m    vsphere-iso:                 ||     ||[0m
2020/08/19 21:54:45 ui: [0;32m    vsphere-iso:[0m
2020/08/19 21:54:45 ui: [0;32m    vsphere-iso: META: ran handlers[0m
2020/08/19 21:54:46 ui: [0;32m    vsphere-iso:  _____________________________________________________________[0m
2020/08/19 21:54:46 ui: [0;32m    vsphere-iso: / TASK [Checking for Critical Patches and producing a list of \[0m
2020/08/19 21:54:46 ui: [0;32m    vsphere-iso: \ available items]                                            /[0m
2020/08/19 21:54:46 ui: [0;32m    vsphere-iso:  -------------------------------------------------------------[0m
2020/08/19 21:54:46 ui: [0;32m    vsphere-iso:         \   ^__^[0m
2020/08/19 21:54:46 ui: [0;32m    vsphere-iso:          \  (oo)\_______[0m
2020/08/19 21:54:46 ui: [0;32m    vsphere-iso:             (__)\       )\/\[0m
2020/08/19 21:54:46 ui: [0;32m    vsphere-iso:                 ||----w |[0m
2020/08/19 21:54:46 ui: [0;32m    vsphere-iso:                 ||     ||[0m
2020/08/19 21:54:46 ui: [0;32m    vsphere-iso:[0m
2020/08/19 21:54:46 ui: [0;32m    vsphere-iso: task path: /home/ubuntu/vsphere-build-ansible/build-w2016/build.yml:5[0m
2020/08/19 21:54:46 ui: [0;32m    vsphere-iso: win_updates: running win_updates module[0m
2020/08/19 21:54:46 ui: [0;32m    vsphere-iso: Using module file /home/ubuntu/.local/lib/python3.6/site-packages/ansible/modules/windows/win_updates.ps1[0m
2020/08/19 21:54:46 ui: [0;32m    vsphere-iso: Pipelining is enabled.[0m
2020/08/19 21:54:46 ui: [0;32m    vsphere-iso: <192.168.101.243> ESTABLISH WINRM CONNECTION FOR USER: administrator on PORT 5985 TO 192.168.101.243[0m
2020/08/19 21:54:46 ui: [0;32m    vsphere-iso: EXEC (via pipeline wrapper)[0m
2020/08/19 22:11:42 ui: [0;32m    vsphere-iso: fatal: [default]: FAILED! => {[0m
2020/08/19 22:11:42 ui: [0;32m    vsphere-iso:     "changed": true,[0m
2020/08/19 22:11:42 ui: [0;32m    vsphere-iso:     "filtered_updates": {[0m
2020/08/19 22:11:42 ui: [0;32m    vsphere-iso:         "4481ed9c-b0b6-414d-9602-bcf52e2388dd": {[0m
2020/08/19 22:11:42 ui: [0;32m    vsphere-iso:             "categories": [[0m
2020/08/19 22:11:42 ui: [0;32m    vsphere-iso:                 "Drivers",[0m
2020/08/19 22:11:42 ui: [0;32m    vsphere-iso:                 "Windows Server 2016 and Later Servicing Drivers"[0m
2020/08/19 22:11:42 ui: [0;32m    vsphere-iso:             ],[0m
2020/08/19 22:11:42 ui: [0;32m    vsphere-iso:             "filtered_reason": "category_names",[0m
2020/08/19 22:11:42 ui: [0;32m    vsphere-iso:             "id": "4481ed9c-b0b6-414d-9602-bcf52e2388dd",[0m
2020/08/19 22:11:42 ui: [0;32m    vsphere-iso:             "installed": false,[0m
2020/08/19 22:11:42 ui: [0;32m    vsphere-iso:             "kb": [],[0m
2020/08/19 22:11:42 ui: [0;32m    vsphere-iso:             "title": "VMware, Inc. - System - 7/11/2019 12:00:00 AM - 9.8.16.0"[0m
2020/08/19 22:11:42 ui: [0;32m    vsphere-iso:         },[0m
2020/08/19 22:11:42 ui: [0;32m    vsphere-iso:         "4cc1f13a-49c4-4997-b31c-00deeb303605": {[0m
2020/08/19 22:11:42 ui: [0;32m    vsphere-iso:             "categories": [[0m
2020/08/19 22:11:42 ui: [0;32m    vsphere-iso:                 "Definition Updates",[0m
2020/08/19 22:11:42 ui: [0;32m    vsphere-iso:                 "Microsoft Defender Antivirus"[0m
2020/08/19 22:11:42 ui: [0;32m    vsphere-iso:             ],[0m
2020/08/19 22:11:42 ui: [0;32m    vsphere-iso:             "filtered_reason": "category_names",[0m
2020/08/19 22:11:42 ui: [0;32m    vsphere-iso:             "id": "4cc1f13a-49c4-4997-b31c-00deeb303605",[0m
2020/08/19 22:11:42 ui: [0;32m    vsphere-iso:             "installed": false,[0m
2020/08/19 22:11:42 ui: [0;32m    vsphere-iso:             "kb": [[0m
2020/08/19 22:11:42 ui: [0;32m    vsphere-iso:                 "2267602"[0m
2020/08/19 22:11:42 ui: [0;32m    vsphere-iso:             ],[0m
2020/08/19 22:11:42 ui: [0;32m    vsphere-iso:             "title": "Security Intelligence Update for Microsoft Defender Antivirus - KB2267602 (Version 1.321.1762.0)"[0m
2020/08/19 22:11:42 ui: [0;32m    vsphere-iso:         },[0m
2020/08/19 22:11:42 ui: [0;32m    vsphere-iso:         "caa9f481-8612-4004-aad8-00acb296302c": {[0m
2020/08/19 22:11:42 ui: [0;32m    vsphere-iso:             "categories": [[0m
2020/08/19 22:11:42 ui: [0;32m    vsphere-iso:                 "Drivers",[0m
2020/08/19 22:11:42 ui: [0;32m    vsphere-iso:                 "Windows Server 2016 and Later Servicing Drivers"[0m
2020/08/19 22:11:42 ui: [0;32m    vsphere-iso:             ],[0m
2020/08/19 22:11:42 ui: [0;32m    vsphere-iso:             "filtered_reason": "category_names",[0m
2020/08/19 22:11:42 ui: [0;32m    vsphere-iso:             "id": "caa9f481-8612-4004-aad8-00acb296302c",[0m
2020/08/19 22:11:42 ui: [0;32m    vsphere-iso:             "installed": false,[0m
2020/08/19 22:11:42 ui: [0;32m    vsphere-iso:             "kb": [],[0m
2020/08/19 22:11:42 ui: [0;32m    vsphere-iso:             "title": "VMware, Inc. - System - 7/11/2019 12:00:00 AM - 9.8.16.0"[0m
2020/08/19 22:11:42 ui: [0;32m    vsphere-iso:         },[0m
2020/08/19 22:11:42 ui: [0;32m    vsphere-iso:         "d170f118-43f9-4d21-80fe-ff0de8b00189": {[0m
2020/08/19 22:11:42 ui: [0;32m    vsphere-iso:             "categories": [[0m
2020/08/19 22:11:42 ui: [0;32m    vsphere-iso:                 "Drivers",[0m
2020/08/19 22:11:42 ui: [0;32m    vsphere-iso:                 "Windows Server 2016 and Later Servicing Drivers"[0m
2020/08/19 22:11:42 ui: [0;32m    vsphere-iso:             ],[0m
2020/08/19 22:11:42 ui: [0;32m    vsphere-iso:             "filtered_reason": "category_names",[0m
2020/08/19 22:11:42 ui: [0;32m    vsphere-iso:             "id": "d170f118-43f9-4d21-80fe-ff0de8b00189",[0m
2020/08/19 22:11:42 ui: [0;32m    vsphere-iso:             "installed": false,[0m
2020/08/19 22:11:42 ui: [0;32m    vsphere-iso:             "kb": [],[0m
2020/08/19 22:11:42 ui: [0;32m    vsphere-iso:             "title": "VMware, Inc. - Net - 7/11/2019 12:00:00 AM - 1.8.16.0"[0m
2020/08/19 22:11:42 ui: [0;32m    vsphere-iso:         }[0m
2020/08/19 22:11:42 ui: [0;32m    vsphere-iso:     },[0m
2020/08/19 22:11:42 ui: [0;32m    vsphere-iso:     "found_update_count": 3,[0m
2020/08/19 22:11:42 ui: [0;32m    vsphere-iso:     "installed_update_count": 0,[0m
2020/08/19 22:11:42 ui: [0;32m    vsphere-iso:     "msg": "Failed to install update from Update Collection: Exception from HRESULT: 0x80240016",[0m
2020/08/19 22:11:42 ui: [0;32m    vsphere-iso:     "reboot_required": false,[0m
2020/08/19 22:11:42 ui: [0;32m    vsphere-iso:     "updates": {[0m
2020/08/19 22:11:42 ui: [0;32m    vsphere-iso:         "0804dba3-719f-42c2-abab-099853cca881": {[0m
2020/08/19 22:11:42 ui: [0;32m    vsphere-iso:             "categories": [[0m
2020/08/19 22:11:42 ui: [0;32m    vsphere-iso:                 "Security Updates",[0m
2020/08/19 22:11:42 ui: [0;32m    vsphere-iso:                 "Windows Server 2016"[0m
2020/08/19 22:11:42 ui: [0;32m    vsphere-iso:             ],[0m
2020/08/19 22:11:42 ui: [0;32m    vsphere-iso:             "id": "0804dba3-719f-42c2-abab-099853cca881",[0m
2020/08/19 22:11:42 ui: [0;32m    vsphere-iso:             "installed": false,[0m
2020/08/19 22:11:42 ui: [0;32m    vsphere-iso:             "kb": [[0m
2020/08/19 22:11:42 ui: [0;32m    vsphere-iso:                 "4565912"[0m
2020/08/19 22:11:42 ui: [0;32m    vsphere-iso:             ],[0m
2020/08/19 22:11:42 ui: [0;32m    vsphere-iso:             "title": "2020-07 Servicing Stack Update for Windows Server 2016 for x64-based Systems (KB4565912)"[0m
2020/08/19 22:11:42 ui: [0;32m    vsphere-iso:         },[0m
2020/08/19 22:11:42 ui: [0;32m    vsphere-iso:         "2221dd34-39bb-4f16-b320-be49fe4a6b95": {[0m
2020/08/19 22:11:42 ui: [0;32m    vsphere-iso:             "categories": [[0m
2020/08/19 22:11:42 ui: [0;32m    vsphere-iso:                 "Update Rollups",[0m
2020/08/19 22:11:42 ui: [0;32m    vsphere-iso:                 "Windows Server 2016",[0m
2020/08/19 22:11:42 ui: [0;32m    vsphere-iso:                 "Windows Server 2019"[0m
2020/08/19 22:11:42 ui: [0;32m    vsphere-iso:             ],[0m
2020/08/19 22:11:42 ui: [0;32m    vsphere-iso:             "id": "2221dd34-39bb-4f16-b320-be49fe4a6b95",[0m
2020/08/19 22:11:42 ui: [0;32m    vsphere-iso:             "installed": false,[0m
2020/08/19 22:11:42 ui: [0;32m    vsphere-iso:             "kb": [[0m
2020/08/19 22:11:42 ui: [0;32m    vsphere-iso:                 "890830"[0m
2020/08/19 22:11:42 ui: [0;32m    vsphere-iso:             ],[0m
2020/08/19 22:11:42 ui: [0;32m    vsphere-iso:             "title": "Windows Malicious Software Removal Tool x64 - v5.82 (KB890830)"[0m
2020/08/19 22:11:42 ui: [0;32m    vsphere-iso:         },[0m
2020/08/19 22:11:42 ui: [0;32m    vsphere-iso:         "a711f6a5-5bf3-4392-95d0-686f748789dd": {[0m
2020/08/19 22:11:42 ui: [0;32m    vsphere-iso:             "categories": [[0m
2020/08/19 22:11:42 ui: [0;32m    vsphere-iso:                 "Updates",[0m
2020/08/19 22:11:42 ui: [0;32m    vsphere-iso:                 "Windows Server 2016"[0m
2020/08/19 22:11:42 ui: [0;32m    vsphere-iso:             ],[0m
2020/08/19 22:11:42 ui: [0;32m    vsphere-iso:             "id": "a711f6a5-5bf3-4392-95d0-686f748789dd",[0m
2020/08/19 22:11:42 ui: [0;32m    vsphere-iso:             "installed": false,[0m
2020/08/19 22:11:42 ui: [0;32m    vsphere-iso:             "kb": [[0m
2020/08/19 22:11:42 ui: [0;32m    vsphere-iso:                 "4103720"[0m
2020/08/19 22:11:42 ui: [0;32m    vsphere-iso:             ],[0m
2020/08/19 22:11:42 ui: [0;32m    vsphere-iso:             "title": "2018-05 Cumulative Update for Windows Server 2016 for x64-based Systems (KB4103720)"[0m
2020/08/19 22:11:42 ui: [0;32m    vsphere-iso:         }[0m
2020/08/19 22:11:42 ui: [0;32m    vsphere-iso:     }[0m
2020/08/19 22:11:42 ui: [0;32m    vsphere-iso: }[0m
2020/08/19 22:11:42 ui: [0;32m    vsphere-iso:  ____________[0m
2020/08/19 22:11:42 ui: [0;32m    vsphere-iso: < PLAY RECAP >[0m
2020/08/19 22:11:42 ui: [0;32m    vsphere-iso:  ------------[0m
2020/08/19 22:11:42 ui: [0;32m    vsphere-iso:         \   ^__^[0m
2020/08/19 22:11:42 ui: [0;32m    vsphere-iso:          \  (oo)\_______[0m
2020/08/19 22:11:42 ui: [0;32m    vsphere-iso:             (__)\       )\/\[0m
2020/08/19 22:11:42 ui: [0;32m    vsphere-iso:                 ||----w |[0m
2020/08/19 22:11:42 ui: [0;32m    vsphere-iso:                 ||     ||[0m
2020/08/19 22:11:42 ui: [0;32m    vsphere-iso:[0m
2020/08/19 22:11:42 ui: [0;32m    vsphere-iso: default                    : ok=0    changed=0    unreachable=0    failed=1    skipped=0    rescued=0    ignored=0[0m
2020/08/19 22:11:42 ui: [0;32m    vsphere-iso:[0m
2020/08/19 22:11:43 [INFO] (telemetry) ending ansible
2020/08/19 22:11:43 ui: [1;32m==> vsphere-iso: Provisioning step had errors: Running the cleanup provisioner, if present...[0m
2020/08/19 22:11:43 ui: [1;32m==> vsphere-iso: Clear boot order...[0m
2020/08/19 22:11:43 ui: [1;32m==> vsphere-iso: Power off VM...[0m
2020/08/19 22:11:43 ui: [1;32m==> vsphere-iso: Deleting Floppy image ...[0m
2020/08/19 22:11:43 packer-builder-vsphere-iso plugin: Deleting floppy disk: /tmp/packer388088201
2020/08/19 22:11:43 ui: [1;32m==> vsphere-iso: Destroying VM...[0m
2020/08/19 22:12:01 [INFO] (telemetry) ending vsphere-iso
2020/08/19 22:12:01 ui error: [1;31mBuild 'vsphere-iso' errored: Error executing Ansible: Non-zero exit status: exit status 2[0m
2020/08/19 22:12:01 machine readable: error-count []string{"1"}
2020/08/19 22:12:01 ui error: 
==> Some builds didn't complete successfully and had errors:
2020/08/19 22:12:01 machine readable: vsphere-iso,error []string{"Error executing Ansible: Non-zero exit status: exit status 2"}
2020/08/19 22:12:01 ui error: --> vsphere-iso: Error executing Ansible: Non-zero exit status: exit status 2
2020/08/19 22:12:01 ui: 
==> Builds finished but no artifacts were created.
2020/08/19 22:12:01 [INFO] (telemetry) Finalizing.
2020/08/19 22:12:01 waiting for all plugin processes to complete...
2020/08/19 22:12:01 /home/ubuntu/.local/bin/packer: plugin process exited
2020/08/19 22:12:01 /home/ubuntu/.local/bin/packer: plugin process exited
2020/08/19 22:12:01 /home/ubuntu/.local/bin/packer: plugin process exited
